#
# A fatal error has been detected by the Java Runtime Environment:
#
#  EXCEPTION_ACCESS_VIOLATION (0xc0000005) at pc=0x000000006fb931e0, pid=19036, tid=0x00000000000043c4
#
# JRE version: OpenJDK Runtime Environment (Zulu 8.58.0.13-CA-win64) (8.0_312-b07) (build 1.8.0_312-b07)
# Java VM: OpenJDK 64-Bit Server VM (25.312-b07 mixed mode windows-amd64 compressed oops)
# Problematic frame:
# V  [jvm.dll+0x931e0]
#
# Failed to write core dump. Minidumps are not enabled by default on client versions of Windows
#
# If you would like to submit a bug report, please visit:
#   http://www.azul.com/support/
#

---------------  T H R E A D  ---------------

Current thread (0x00000225c95db000):  GCTaskThread [stack: 0x000000316c200000,0x000000316c300000] [id=17348]

siginfo: ExceptionCode=0xc0000005, reading address 0x00000000000000e8

Registers:
RAX=0x0000000000000000, RBX=0x00000000b6fb8450, RCX=0x0000000100a2b0e8, RDX=0x00000000f0d25398
RSP=0x000000316c2ff248, RBP=0x000000316c2ff350, RSI=0x00000000f0d25398, RDI=0x00000225def30140
R8 =0x0000000100a2b0e8, R9 =0x0000000000000001, R10=0x0000000000000000, R11=0x000000316c2ff2b0
R12=0x0000000000000000, R13=0x0000000000000000, R14=0x00000225def30140, R15=0x000000000000000d
RIP=0x000000006fb931e0, EFLAGS=0x0000000000010246

Top of Stack: (sp=0x000000316c2ff248)
0x000000316c2ff248:   000000006fee391e 0000000000000004
0x000000316c2ff258:   00000000b6fb8440 0000000000000001
0x000000316c2ff268:   000000006fbcdff2 0000000000000001
0x000000316c2ff278:   00000000f19b6601 00000225def30168
0x000000316c2ff288:   00000000f19b6440 00000000f8b68000
0x000000316c2ff298:   0000000000001000 00000000b6fb6ac0
0x000000316c2ff2a8:   0000000000000400 00000225def301e0
0x000000316c2ff2b8:   00000225c95d29d0 0000000000000000
0x000000316c2ff2c8:   0000000000000000 00000225def30140
0x000000316c2ff2d8:   000000006fee4987 00000000b6fb8450
0x000000316c2ff2e8:   000000000000000d 000000316c2ff350
0x000000316c2ff2f8:   00000225def30140 00000000f9a15908
0x000000316c2ff308:   000000006fee3e37 0000000000000005
0x000000316c2ff318:   000000006fbf5452 0000000000000001
0x000000316c2ff328:   000000006fd66fe1 0000000000000001
0x000000316c2ff338:   00000225def30101 00000000a44bbd50 

Instructions: (pc=0x000000006fb931e0)
0x000000006fb931c0:   c0 48 d3 e2 49 8d 0c 11 49 f7 d1 48 03 c1 49 c1
0x000000006fb931d0:   e9 03 48 c1 e8 03 41 23 c1 c3 49 8b 00 49 8b c8
0x000000006fb931e0:   48 ff a0 e8 00 00 00 cc cc cc cc cc cc cc cc cc
0x000000006fb931f0:   44 8b 42 08 4c 8b ca 45 85 c0 7e 0e 41 f6 c0 01 


Register to memory mapping:

RAX=0x0000000000000000 is an unknown value
RBX=0x00000000b6fb8450 is pointing into object: 0x00000000b6fb8440
com.google.common.cache.LocalCache$StrongEntry 
 - klass: 'com/google/common/cache/LocalCache$StrongEntry'
RCX=0x0000000100a2b0e8 is pointing into metadata
RDX=0x00000000f0d25398 is an oop

[error occurred during error reporting (printing register info), id 0xc0000005]

Stack: [0x000000316c200000,0x000000316c300000],  sp=0x000000316c2ff248,  free space=1020k
Native frames: (J=compiled Java code, j=interpreted, Vv=VM code, C=native code)
V  [jvm.dll+0x931e0]


---------------  P R O C E S S  ---------------

Java Threads: ( => current thread )
  0x00000225e32d2000 JavaThread "WorkerExecutor Queue Thread 6" [_thread_blocked, id=17748, stack(0x0000003170500000,0x0000003170600000)]
  0x00000225e32d4800 JavaThread "WorkerExecutor Queue Thread 5" [_thread_blocked, id=544, stack(0x0000003170400000,0x0000003170500000)]
  0x00000225e32d4000 JavaThread "WorkerExecutor Queue Thread 4" [_thread_blocked, id=2132, stack(0x0000003170300000,0x0000003170400000)]
  0x00000225e32db000 JavaThread "WorkerExecutor Queue Thread 3" [_thread_blocked, id=17912, stack(0x0000003170200000,0x0000003170300000)]
  0x00000225e32d3000 JavaThread "WorkerExecutor Queue Thread 2" [_thread_blocked, id=12256, stack(0x0000003170100000,0x0000003170200000)]
  0x00000225e32da000 JavaThread "WorkerExecutor Queue" [_thread_blocked, id=8888, stack(0x0000003170000000,0x0000003170100000)]
  0x00000225e32d9800 JavaThread "ForkJoinPool.commonPool-worker-0" daemon [_thread_blocked, id=18088, stack(0x000000316ff00000,0x0000003170000000)]
  0x00000225e32d6000 JavaThread "ForkJoinPool.commonPool-worker-7" daemon [_thread_blocked, id=24264, stack(0x000000316fe00000,0x000000316ff00000)]
  0x00000225e375b000 JavaThread "ForkJoinPool.commonPool-worker-6" daemon [_thread_blocked, id=19720, stack(0x000000316fc00000,0x000000316fd00000)]
  0x00000225e375a800 JavaThread "ForkJoinPool.commonPool-worker-5" daemon [_thread_blocked, id=15652, stack(0x000000316fb00000,0x000000316fc00000)]
  0x00000225e375d000 JavaThread "ForkJoinPool.commonPool-worker-4" daemon [_thread_blocked, id=17672, stack(0x000000316fa00000,0x000000316fb00000)]
  0x00000225e3758000 JavaThread "ForkJoinPool.commonPool-worker-3" daemon [_thread_blocked, id=3124, stack(0x000000316f900000,0x000000316fa00000)]
  0x00000225e375c000 JavaThread "ForkJoinPool.commonPool-worker-2" daemon [_thread_blocked, id=17540, stack(0x000000316f800000,0x000000316f900000)]
  0x00000225e374f800 JavaThread "Cache worker for Java compile cache (C:\code\Picker\.gradle\5.6.4\javaCompile)" [_thread_blocked, id=23508, stack(0x000000316f700000,0x000000316f800000)]
  0x00000225e3756800 JavaThread "Cache worker for execution history cache (C:\code\Picker\.gradle\5.6.4\executionHistory)" [_thread_blocked, id=23628, stack(0x000000316f600000,0x000000316f700000)]
  0x00000225e3756000 JavaThread "Execution worker for ':' Thread 7" [_thread_blocked, id=13760, stack(0x000000316f500000,0x000000316f600000)]
  0x00000225e3753800 JavaThread "Execution worker for ':' Thread 6" [_thread_blocked, id=18016, stack(0x000000316f400000,0x000000316f500000)]
  0x00000225e3750800 JavaThread "Execution worker for ':' Thread 5" [_thread_blocked, id=20076, stack(0x000000316f300000,0x000000316f400000)]
  0x00000225e3752000 JavaThread "Execution worker for ':' Thread 4" [_thread_blocked, id=23752, stack(0x000000316f200000,0x000000316f300000)]
  0x00000225e3751000 JavaThread "Execution worker for ':' Thread 3" [_thread_blocked, id=17604, stack(0x000000316f100000,0x000000316f200000)]
  0x00000225e3754000 JavaThread "Execution worker for ':' Thread 2" [_thread_blocked, id=14124, stack(0x000000316f000000,0x000000316f100000)]
  0x00000225e3755000 JavaThread "Execution worker for ':'" [_thread_blocked, id=9144, stack(0x000000316ee00000,0x000000316ef00000)]
  0x00000225e374e800 JavaThread "Cache worker for file content cache (C:\code\Picker\.gradle\5.6.4\fileContent)" [_thread_blocked, id=2876, stack(0x000000316ed00000,0x000000316ee00000)]
  0x00000225ee76c000 JavaThread "Cache worker for Build Output Cleanup Cache (C:\code\Picker\.gradle\buildOutputCleanup)" [_thread_blocked, id=2800, stack(0x000000316eb00000,0x000000316ec00000)]
  0x00000225ee769000 JavaThread "Build operations Thread 8" [_thread_blocked, id=22888, stack(0x000000316ea00000,0x000000316eb00000)]
  0x00000225ee768000 JavaThread "Build operations Thread 7" [_thread_blocked, id=11696, stack(0x000000316e900000,0x000000316ea00000)]
  0x00000225ee767800 JavaThread "Build operations Thread 6" [_thread_blocked, id=20872, stack(0x000000316e800000,0x000000316e900000)]
  0x00000225ee76b800 JavaThread "Build operations Thread 5" [_thread_blocked, id=4276, stack(0x000000316e700000,0x000000316e800000)]
  0x00000225ee76d000 JavaThread "Build operations Thread 4" [_thread_blocked, id=5256, stack(0x000000316e600000,0x000000316e700000)]
  0x00000225ee76a800 JavaThread "Build operations Thread 3" [_thread_blocked, id=18608, stack(0x000000316e400000,0x000000316e500000)]
  0x00000225ee76d800 JavaThread "Build operations Thread 2" [_thread_blocked, id=1312, stack(0x000000316e300000,0x000000316e400000)]
  0x00000225ee769800 JavaThread "Build operations" [_thread_blocked, id=20568, stack(0x000000316e200000,0x000000316e300000)]
  0x00000225ee76e800 JavaThread "Cache worker for cache directory md-rule (C:\Users\Administrator\.gradle\caches\5.6.4\md-rule)" [_thread_blocked, id=23872, stack(0x000000316de00000,0x000000316df00000)]
  0x00000225ee75f800 JavaThread "Cache worker for cache directory md-supplier (C:\Users\Administrator\.gradle\caches\5.6.4\md-supplier)" [_thread_blocked, id=10044, stack(0x000000316dd00000,0x000000316de00000)]
  0x00000225ee763800 JavaThread "Cache worker for file hash cache (C:\code\Picker\.gradle\5.6.4\fileHashes)" [_thread_blocked, id=5924, stack(0x000000316dc00000,0x000000316dd00000)]
  0x00000225ee766800 JavaThread "Thread-294" [_thread_blocked, id=21084, stack(0x000000316db00000,0x000000316dc00000)]
  0x00000225ee762000 JavaThread "Stdin handler" [_thread_blocked, id=17996, stack(0x000000316da00000,0x000000316db00000)]
  0x00000225ee761000 JavaThread "Asynchronous log dispatcher for DefaultDaemonConnection: socket connection from /127.0.0.1:60020 to /127.0.0.1:63001" [_thread_blocked, id=14456, stack(0x000000316d900000,0x000000316da00000)]
  0x00000225ee766000 JavaThread "Daemon worker Thread 7" [_thread_blocked, id=20748, stack(0x000000316d800000,0x000000316d900000)]
  0x00000225ee760800 JavaThread "Cancel handler" [_thread_blocked, id=25168, stack(0x000000316c000000,0x000000316c100000)]
  0x00000225ee762800 JavaThread "Handler for socket connection from /127.0.0.1:60020 to /127.0.0.1:63001" [_thread_in_native, id=6460, stack(0x000000316bf00000,0x000000316c000000)]
  0x00000225ee765000 JavaThread "Daemon Thread 7" [_thread_blocked, id=10908, stack(0x000000316be00000,0x000000316bf00000)]
  0x00000225e2a15000 JavaThread "Cache worker for Java compile cache (C:\Users\Administrator\.gradle\caches\5.6.4\javaCompile)" [_thread_blocked, id=6636, stack(0x000000316fd00000,0x000000316fe00000)]
  0x00000225e375d800 JavaThread "Cache worker for file content cache (C:\Users\Administrator\.gradle\caches\5.6.4\fileContent)" [_thread_blocked, id=12564, stack(0x000000316ec00000,0x000000316ed00000)]
  0x00000225e32db800 JavaThread "Memory manager" [_thread_blocked, id=12580, stack(0x000000316ef00000,0x000000316f000000)]
  0x00000225e32d0800 JavaThread "Cache worker for execution history cache (C:\Users\Administrator\.gradle\caches\5.6.4\executionHistory)" [_thread_blocked, id=18176, stack(0x000000316e500000,0x000000316e600000)]
  0x00000225e18fa000 JavaThread "Cache worker for journal cache (C:\Users\Administrator\.gradle\caches\journal-1)" [_thread_blocked, id=2512, stack(0x000000316e100000,0x000000316e200000)]
  0x00000225e18f9000 JavaThread "File lock request listener" [_thread_in_native, id=9340, stack(0x000000316e000000,0x000000316e100000)]
  0x00000225e1900800 JavaThread "Cache worker for file hash cache (C:\Users\Administrator\.gradle\caches\5.6.4\fileHashes)" [_thread_blocked, id=25072, stack(0x000000316df00000,0x000000316e000000)]
  0x00000225e16d3000 JavaThread "Daemon periodic checks" [_thread_blocked, id=22376, stack(0x000000316d700000,0x000000316d800000)]
  0x00000225e171e000 JavaThread "Incoming local TCP Connector on port 60020" [_thread_in_native, id=19192, stack(0x000000316d600000,0x000000316d700000)]
  0x00000225e1672000 JavaThread "Daemon health stats" [_thread_blocked, id=8572, stack(0x000000316d500000,0x000000316d600000)]
  0x00000225e032f000 JavaThread "Service Thread" daemon [_thread_blocked, id=5412, stack(0x000000316d300000,0x000000316d400000)]
  0x00000225deff6800 JavaThread "C1 CompilerThread3" daemon [_thread_blocked, id=23444, stack(0x000000316d200000,0x000000316d300000)]
  0x00000225deff6000 JavaThread "C2 CompilerThread2" daemon [_thread_in_native, id=1492, stack(0x000000316d100000,0x000000316d200000)]
  0x00000225defec800 JavaThread "C2 CompilerThread1" daemon [_thread_blocked, id=10876, stack(0x000000316d000000,0x000000316d100000)]
  0x00000225deff1000 JavaThread "C2 CompilerThread0" daemon [_thread_in_native, id=24648, stack(0x000000316cf00000,0x000000316d000000)]
  0x00000225def88000 JavaThread "Attach Listener" daemon [_thread_blocked, id=1728, stack(0x000000316ce00000,0x000000316cf00000)]
  0x00000225def70000 JavaThread "Signal Dispatcher" daemon [_thread_blocked, id=1120, stack(0x000000316cd00000,0x000000316ce00000)]
  0x00000225def5f800 JavaThread "Finalizer" daemon [_thread_blocked, id=24632, stack(0x000000316cc00000,0x000000316cd00000)]
  0x00000225def59000 JavaThread "Reference Handler" daemon [_thread_blocked, id=5868, stack(0x000000316cb00000,0x000000316cc00000)]
  0x00000225c95c4000 JavaThread "main" [_thread_blocked, id=7864, stack(0x000000316c100000,0x000000316c200000)]

Other Threads:
  0x00000225def32800 VMThread [stack: 0x000000316ca00000,0x000000316cb00000] [id=5080]
  0x00000225e0331000 WatcherThread [stack: 0x000000316d400000,0x000000316d500000] [id=17192]

=>0x00000225c95db000 (exited) GCTaskThread [stack: 0x000000316c200000,0x000000316c300000] [id=17348]

VM state:at safepoint (normal execution)

VM Mutex/Monitor currently owned by a thread:  ([mutex/lock_event])
[0x00000225c95bf9d0] Threads_lock - owner thread: 0x00000225def32800
[0x00000225c95c1c60] Heap_lock - owner thread: 0x00000225e32d4800

heap address: 0x00000000a0000000, size: 1536 MB, Compressed Oops mode: 32-bit
Narrow klass base: 0x0000000000000000, Narrow klass shift: 3
Compressed class space size: 1073741824 Address: 0x0000000100000000

Heap:
 PSYoungGen      total 396800K, used 315554K [0x00000000e0000000, 0x00000000fff80000, 0x0000000100000000)
  eden space 274432K, 100% used [0x00000000e0000000,0x00000000f0c00000,0x00000000f0c00000)
  from space 122368K, 33% used [0x00000000f0c00000,0x00000000f3428bb8,0x00000000f8380000)
  to   space 119296K, 29% used [0x00000000f8b00000,0x00000000fad75578,0x00000000fff80000)
 ParOldGen       total 513536K, used 388971K [0x00000000a0000000, 0x00000000bf580000, 0x00000000e0000000)
  object space 513536K, 75% used [0x00000000a0000000,0x00000000b7bdad40,0x00000000bf580000)
 Metaspace       used 141647K, capacity 148406K, committed 148568K, reserved 1179648K
  class space    used 17208K, capacity 18487K, committed 18560K, reserved 1048576K

Card table byte_map: [0x00000225da230000,0x00000225da540000] byte_map_base: 0x00000225d9d30000

Marking Bits: (ParMarkBitMap*) 0x00000000702eb510
 Begin Bits: [0x00000225da740000, 0x00000225dbf40000)
 End Bits:   [0x00000225dbf40000, 0x00000225dd740000)

Polling page: 0x00000225c9820000

CodeCache: size=245760Kb used=86325Kb max_used=86336Kb free=159434Kb
 bounds [0x00000225cae70000, 0x00000225d0330000, 0x00000225d9e70000]
 total_blobs=23709 nmethods=22762 adapters=855
 compilation: enabled

Compilation events (10 events):
Event: 5562.483 Thread 0x00000225defec800 nmethod 29944 0x00000225d031c210 code [0x00000225d031c360, 0x00000225d031c438]
Event: 5562.483 Thread 0x00000225deff6800 nmethod 29989 0x00000225d0319d90 code [0x00000225d0319f00, 0x00000225d031a330]
Event: 5562.483 Thread 0x00000225defec800 29973       4       java.util.stream.AbstractSpinedBuffer::count (31 bytes)
Event: 5562.483 Thread 0x00000225defec800 nmethod 29973 0x00000225cc694050 code [0x00000225cc694180, 0x00000225cc694218]
Event: 5562.486 Thread 0x00000225defec800 29990       4       com.android.tools.r8.graph.V::a (66 bytes)
Event: 5562.487 Thread 0x00000225defec800 nmethod 29990 0x00000225d031bf10 code [0x00000225d031c060, 0x00000225d031c108]
Event: 5562.506 Thread 0x00000225deff6800 29991       3       com.android.tools.r8.s.a.b.l.d::a (78 bytes)
Event: 5562.506 Thread 0x00000225defec800 29994       4       com.android.tools.r8.s.a.b.l.g.o::a (195 bytes)
Event: 5562.506 Thread 0x00000225deff6800 nmethod 29991 0x00000225d0319810 code [0x00000225d0319980, 0x00000225d0319c78]
Event: 5562.506 Thread 0x00000225deff6800 29996       3       com.android.tools.r8.s.a.b.m.a::c (1471 bytes)

GC Heap History (10 events):
Event: 3563.788 GC heap after
Heap after GC invocations=46 (full 5):
 PSYoungGen      total 381952K, used 20962K [0x00000000e0000000, 0x00000000ff980000, 0x0000000100000000)
  eden space 253952K, 0% used [0x00000000e0000000,0x00000000e0000000,0x00000000ef800000)
  from space 128000K, 16% used [0x00000000ef800000,0x00000000f0c78a50,0x00000000f7500000)
  to   space 128000K, 0% used [0x00000000f7c80000,0x00000000f7c80000,0x00000000ff980000)
 ParOldGen       total 513536K, used 326275K [0x00000000a0000000, 0x00000000bf580000, 0x00000000e0000000)
  object space 513536K, 63% used [0x00000000a0000000,0x00000000b3ea0ec8,0x00000000bf580000)
 Metaspace       used 134069K, capacity 140566K, committed 140760K, reserved 1171456K
  class space    used 16573K, capacity 17809K, committed 17920K, reserved 1048576K
}
Event: 3565.858 GC heap before
{Heap before GC invocations=47 (full 5):
 PSYoungGen      total 381952K, used 274914K [0x00000000e0000000, 0x00000000ff980000, 0x0000000100000000)
  eden space 253952K, 100% used [0x00000000e0000000,0x00000000ef800000,0x00000000ef800000)
  from space 128000K, 16% used [0x00000000ef800000,0x00000000f0c78a50,0x00000000f7500000)
  to   space 128000K, 0% used [0x00000000f7c80000,0x00000000f7c80000,0x00000000ff980000)
 ParOldGen       total 513536K, used 326275K [0x00000000a0000000, 0x00000000bf580000, 0x00000000e0000000)
  object space 513536K, 63% used [0x00000000a0000000,0x00000000b3ea0ec8,0x00000000bf580000)
 Metaspace       used 137580K, capacity 144142K, committed 144344K, reserved 1175552K
  class space    used 16872K, capacity 18119K, committed 18176K, reserved 1048576K
Event: 3565.887 GC heap after
Heap after GC invocations=47 (full 5):
 PSYoungGen      total 390144K, used 58933K [0x00000000e0000000, 0x00000000ff400000, 0x0000000100000000)
  eden space 267776K, 0% used [0x00000000e0000000,0x00000000e0000000,0x00000000f0580000)
  from space 122368K, 48% used [0x00000000f7c80000,0x00000000fb60d508,0x00000000ff400000)
  to   space 121856K, 0% used [0x00000000f0580000,0x00000000f0580000,0x00000000f7c80000)
 ParOldGen       total 513536K, used 336238K [0x00000000a0000000, 0x00000000bf580000, 0x00000000e0000000)
  object space 513536K, 65% used [0x00000000a0000000,0x00000000b485b810,0x00000000bf580000)
 Metaspace       used 137580K, capacity 144142K, committed 144344K, reserved 1175552K
  class space    used 16872K, capacity 18119K, committed 18176K, reserved 1048576K
}
Event: 3566.626 GC heap before
{Heap before GC invocations=48 (full 5):
 PSYoungGen      total 390144K, used 326594K [0x00000000e0000000, 0x00000000ff400000, 0x0000000100000000)
  eden space 267776K, 99% used [0x00000000e0000000,0x00000000f0563538,0x00000000f0580000)
  from space 122368K, 48% used [0x00000000f7c80000,0x00000000fb60d508,0x00000000ff400000)
  to   space 121856K, 0% used [0x00000000f0580000,0x00000000f0580000,0x00000000f7c80000)
 ParOldGen       total 513536K, used 336238K [0x00000000a0000000, 0x00000000bf580000, 0x00000000e0000000)
  object space 513536K, 65% used [0x00000000a0000000,0x00000000b485b810,0x00000000bf580000)
 Metaspace       used 137773K, capacity 144290K, committed 144600K, reserved 1175552K
  class space    used 16875K, capacity 18121K, committed 18176K, reserved 1048576K
Event: 3566.660 GC heap after
Heap after GC invocations=48 (full 5):
 PSYoungGen      total 389632K, used 47345K [0x00000000e0000000, 0x00000000ff580000, 0x0000000100000000)
  eden space 267776K, 0% used [0x00000000e0000000,0x00000000e0000000,0x00000000f0580000)
  from space 121856K, 38% used [0x00000000f0580000,0x00000000f33bc4a0,0x00000000f7c80000)
  to   space 116736K, 0% used [0x00000000f8380000,0x00000000f8380000,0x00000000ff580000)
 ParOldGen       total 513536K, used 341914K [0x00000000a0000000, 0x00000000bf580000, 0x00000000e0000000)
  object space 513536K, 66% used [0x00000000a0000000,0x00000000b4de6910,0x00000000bf580000)
 Metaspace       used 137773K, capacity 144290K, committed 144600K, reserved 1175552K
  class space    used 16875K, capacity 18121K, committed 18176K, reserved 1048576K
}
Event: 3567.579 GC heap before
{Heap before GC invocations=49 (full 5):
 PSYoungGen      total 389632K, used 315121K [0x00000000e0000000, 0x00000000ff580000, 0x0000000100000000)
  eden space 267776K, 100% used [0x00000000e0000000,0x00000000f0580000,0x00000000f0580000)
  from space 121856K, 38% used [0x00000000f0580000,0x00000000f33bc4a0,0x00000000f7c80000)
  to   space 116736K, 0% used [0x00000000f8380000,0x00000000f8380000,0x00000000ff580000)
 ParOldGen       total 513536K, used 341914K [0x00000000a0000000, 0x00000000bf580000, 0x00000000e0000000)
  object space 513536K, 66% used [0x00000000a0000000,0x00000000b4de6910,0x00000000bf580000)
 Metaspace       used 137777K, capacity 144290K, committed 144600K, reserved 1175552K
  class space    used 16875K, capacity 18121K, committed 18176K, reserved 1048576K
Event: 3567.648 GC heap after
Heap after GC invocations=49 (full 5):
 PSYoungGen      total 391168K, used 87289K [0x00000000e0000000, 0x0000000100000000, 0x0000000100000000)
  eden space 274432K, 0% used [0x00000000e0000000,0x00000000e0000000,0x00000000f0c00000)
  from space 116736K, 74% used [0x00000000f8380000,0x00000000fd8be728,0x00000000ff580000)
  to   space 122368K, 0% used [0x00000000f0c00000,0x00000000f0c00000,0x00000000f8380000)
 ParOldGen       total 513536K, used 370488K [0x00000000a0000000, 0x00000000bf580000, 0x00000000e0000000)
  object space 513536K, 72% used [0x00000000a0000000,0x00000000b69ce050,0x00000000bf580000)
 Metaspace       used 137777K, capacity 144290K, committed 144600K, reserved 1175552K
  class space    used 16875K, capacity 18121K, committed 18176K, reserved 1048576K
}
Event: 5561.704 GC heap before
{Heap before GC invocations=50 (full 5):
 PSYoungGen      total 391168K, used 361721K [0x00000000e0000000, 0x0000000100000000, 0x0000000100000000)
  eden space 274432K, 100% used [0x00000000e0000000,0x00000000f0c00000,0x00000000f0c00000)
  from space 116736K, 74% used [0x00000000f8380000,0x00000000fd8be728,0x00000000ff580000)
  to   space 122368K, 0% used [0x00000000f0c00000,0x00000000f0c00000,0x00000000f8380000)
 ParOldGen       total 513536K, used 370488K [0x00000000a0000000, 0x00000000bf580000, 0x00000000e0000000)
  object space 513536K, 72% used [0x00000000a0000000,0x00000000b69ce050,0x00000000bf580000)
 Metaspace       used 139981K, capacity 146726K, committed 146904K, reserved 1177600K
  class space    used 17109K, capacity 18381K, committed 18432K, reserved 1048576K
Event: 5561.726 GC heap after
Heap after GC invocations=50 (full 5):
 PSYoungGen      total 396800K, used 41122K [0x00000000e0000000, 0x00000000fff80000, 0x0000000100000000)
  eden space 274432K, 0% used [0x00000000e0000000,0x00000000e0000000,0x00000000f0c00000)
  from space 122368K, 33% used [0x00000000f0c00000,0x00000000f3428bb8,0x00000000f8380000)
  to   space 119296K, 0% used [0x00000000f8b00000,0x00000000f8b00000,0x00000000fff80000)
 ParOldGen       total 513536K, used 375671K [0x00000000a0000000, 0x00000000bf580000, 0x00000000e0000000)
  object space 513536K, 73% used [0x00000000a0000000,0x00000000b6eddee0,0x00000000bf580000)
 Metaspace       used 139981K, capacity 146726K, committed 146904K, reserved 1177600K
  class space    used 17109K, capacity 18381K, committed 18432K, reserved 1048576K
}
Event: 5562.508 GC heap before
{Heap before GC invocations=51 (full 5):
 PSYoungGen      total 396800K, used 315554K [0x00000000e0000000, 0x00000000fff80000, 0x0000000100000000)
  eden space 274432K, 100% used [0x00000000e0000000,0x00000000f0c00000,0x00000000f0c00000)
  from space 122368K, 33% used [0x00000000f0c00000,0x00000000f3428bb8,0x00000000f8380000)
  to   space 119296K, 0% used [0x00000000f8b00000,0x00000000f8b00000,0x00000000fff80000)
 ParOldGen       total 513536K, used 375671K [0x00000000a0000000, 0x00000000bf580000, 0x00000000e0000000)
  object space 513536K, 73% used [0x00000000a0000000,0x00000000b6eddee0,0x00000000bf580000)
 Metaspace       used 141647K, capacity 148406K, committed 148568K, reserved 1179648K
  class space    used 17208K, capacity 18487K, committed 18560K, reserved 1048576K

Deoptimization events (10 events):
Event: 5562.065 Thread 0x00000225e3750800 Uncommon trap: reason=bimorphic action=maybe_recompile pc=0x00000225d0036428 method=com.sun.tools.javac.comp.Check.checkDeprecated(Lcom/sun/tools/javac/util/JCDiagnostic$DiagnosticPosition;Lcom/sun/tools/javac/code/Symbol;Lcom/sun/tools/javac/code/Symbol;
Event: 5562.076 Thread 0x00000225e3750800 Uncommon trap: reason=unstable_if action=reinterpret pc=0x00000225cfcf3fc8 method=com.sun.tools.javac.code.Types.isSubtype(Lcom/sun/tools/javac/code/Type;Lcom/sun/tools/javac/code/Type;Z)Z @ 28
Event: 5562.076 Thread 0x00000225e3750800 Uncommon trap: reason=speculate_class_check action=maybe_recompile pc=0x00000225cf99c01c method=com.sun.tools.javac.code.Types$SameTypeVisitor.visitClassType(Lcom/sun/tools/javac/code/Type$ClassType;Lcom/sun/tools/javac/code/Type;)Ljava/lang/Boolean; @ 32
Event: 5562.077 Thread 0x00000225e3750800 Uncommon trap: reason=speculate_class_check action=maybe_recompile pc=0x00000225cf99c01c method=com.sun.tools.javac.code.Types$SameTypeVisitor.visitClassType(Lcom/sun/tools/javac/code/Type$ClassType;Lcom/sun/tools/javac/code/Type;)Ljava/lang/Boolean; @ 32
Event: 5562.087 Thread 0x00000225e3750800 Uncommon trap: reason=class_check action=maybe_recompile pc=0x00000225cf96d89c method=com.sun.tools.javac.code.Types$14.visitClassType(Lcom/sun/tools/javac/code/Type$ClassType;Lcom/sun/tools/javac/code/Symbol;)Lcom/sun/tools/javac/code/Type; @ 97
Event: 5562.088 Thread 0x00000225e3750800 Uncommon trap: reason=class_check action=maybe_recompile pc=0x00000225cf96d89c method=com.sun.tools.javac.code.Types$14.visitClassType(Lcom/sun/tools/javac/code/Type$ClassType;Lcom/sun/tools/javac/code/Symbol;)Lcom/sun/tools/javac/code/Type; @ 97
Event: 5562.340 Thread 0x00000225e32d3000 Uncommon trap: reason=unstable_if action=reinterpret pc=0x00000225cc6927e8 method=com.android.tools.r8.s.a.b.l.d.a(Lcom/android/tools/r8/s/a/b/l/f;Lcom/android/tools/r8/s/a/b/l/f;)V @ 28
Event: 5562.341 Thread 0x00000225e32d3000 Uncommon trap: reason=unstable_if action=reinterpret pc=0x00000225cc1cef48 method=com.android.tools.r8.s.a.b.m.c.h()V @ 4
Event: 5562.341 Thread 0x00000225e32d3000 Uncommon trap: reason=unstable_if action=reinterpret pc=0x00000225d01e9b14 method=com.android.tools.r8.s.a.b.m.c.h()V @ 14
Event: 5562.341 Thread 0x00000225e32d3000 Uncommon trap: reason=unstable_if action=reinterpret pc=0x00000225cf853454 method=com.android.tools.r8.v.a.a.a.h.Z$f.hasNext()Z @ 4

Classes redefined (0 events):
No events

Internal exceptions (10 events):
Event: 5562.259 Thread 0x00000225e3751000 Exception <a 'sun/nio/fs/WindowsException'> (0x00000000ea6a6a50) thrown at [C:\jenkins\workspace\zulu8-build-win64\zulu-src\hotspot\src\share\vm\prims\jni.cpp, line 711]
Event: 5562.259 Thread 0x00000225e3751000 Exception <a 'sun/nio/fs/WindowsException'> (0x00000000ea6a7430) thrown at [C:\jenkins\workspace\zulu8-build-win64\zulu-src\hotspot\src\share\vm\prims\jni.cpp, line 711]
Event: 5562.302 Thread 0x00000225e32d3000 Exception <a 'sun/nio/fs/WindowsException'> (0x00000000eb9ab860) thrown at [C:\jenkins\workspace\zulu8-build-win64\zulu-src\hotspot\src\share\vm\prims\jni.cpp, line 711]
Event: 5562.344 Thread 0x00000225e32d3000 Exception <a 'sun/nio/fs/WindowsException'> (0x00000000ec4ce008) thrown at [C:\jenkins\workspace\zulu8-build-win64\zulu-src\hotspot\src\share\vm\prims\jni.cpp, line 711]
Event: 5562.345 Thread 0x00000225e32d3000 Exception <a 'sun/nio/fs/WindowsException'> (0x00000000ec4d67e0) thrown at [C:\jenkins\workspace\zulu8-build-win64\zulu-src\hotspot\src\share\vm\prims\jni.cpp, line 711]
Event: 5562.346 Thread 0x00000225e32d3000 Exception <a 'sun/nio/fs/WindowsException'> (0x00000000ec4de640) thrown at [C:\jenkins\workspace\zulu8-build-win64\zulu-src\hotspot\src\share\vm\prims\jni.cpp, line 711]
Event: 5562.346 Thread 0x00000225e32d3000 Exception <a 'sun/nio/fs/WindowsException'> (0x00000000ec4e5b90) thrown at [C:\jenkins\workspace\zulu8-build-win64\zulu-src\hotspot\src\share\vm\prims\jni.cpp, line 711]
Event: 5562.347 Thread 0x00000225e32d3000 Exception <a 'sun/nio/fs/WindowsException'> (0x00000000ec4ed3a8) thrown at [C:\jenkins\workspace\zulu8-build-win64\zulu-src\hotspot\src\share\vm\prims\jni.cpp, line 711]
Event: 5562.348 Thread 0x00000225e32d3000 Exception <a 'sun/nio/fs/WindowsException'> (0x00000000ec67e590) thrown at [C:\jenkins\workspace\zulu8-build-win64\zulu-src\hotspot\src\share\vm\prims\jni.cpp, line 711]
Event: 5562.462 Thread 0x00000225e32d4800 Exception <a 'sun/nio/fs/WindowsException'> (0x00000000ee286ec8) thrown at [C:\jenkins\workspace\zulu8-build-win64\zulu-src\hotspot\src\share\vm\prims\jni.cpp, line 711]

Events (10 events):
Event: 5562.351 Executing VM operation: BulkRevokeBias
Event: 5562.352 Executing VM operation: BulkRevokeBias done
Event: 5562.406 Thread 0x00000225e3755000 DEOPT PACKING pc=0x00000225cd03f734 sp=0x000000316eefe2f0
Event: 5562.406 Thread 0x00000225e3755000 DEOPT UNPACKING pc=0x00000225caeb76d8 sp=0x000000316eefe0a8 mode 0
Event: 5562.431 Executing VM operation: RevokeBias
Event: 5562.432 Executing VM operation: RevokeBias done
Event: 5562.433 Thread 0x00000225e32d2000 Thread added: 0x00000225e32d2000
Event: 5562.434 Executing VM operation: BulkRevokeBias
Event: 5562.435 Executing VM operation: BulkRevokeBias done
Event: 5562.508 Executing VM operation: ParallelGCFailedAllocation


Dynamic libraries:
0x00007ff6522a0000 - 0x00007ff6522e5000 	C:\Users\Administrator\.jdks\azul-1.8.0_312\bin\java.exe
0x00007ff94e380000 - 0x00007ff94e587000 	C:\Windows\SYSTEM32\ntdll.dll
0x00007ff94d6e0000 - 0x00007ff94d79d000 	C:\Windows\System32\KERNEL32.DLL
0x00007ff94b860000 - 0x00007ff94bbd4000 	C:\Windows\System32\KERNELBASE.dll
0x00007ff94d960000 - 0x00007ff94da0c000 	C:\Windows\System32\ADVAPI32.dll
0x00007ff94d630000 - 0x00007ff94d6d3000 	C:\Windows\System32\msvcrt.dll
0x00007ff94c9c0000 - 0x00007ff94ca5d000 	C:\Windows\System32\sechost.dll
0x00007ff94dad0000 - 0x00007ff94dbf1000 	C:\Windows\System32\RPCRT4.dll
0x00007ff94e190000 - 0x00007ff94e33c000 	C:\Windows\System32\USER32.dll
0x00007ff94bca0000 - 0x00007ff94bcc6000 	C:\Windows\System32\win32u.dll
0x00007ff94dc00000 - 0x00007ff94dc29000 	C:\Windows\System32\GDI32.dll
0x00007ff94bf80000 - 0x00007ff94c092000 	C:\Windows\System32\gdi32full.dll
0x00007ff94be70000 - 0x00007ff94bf0d000 	C:\Windows\System32\msvcp_win.dll
0x00007ff94bd50000 - 0x00007ff94be61000 	C:\Windows\System32\ucrtbase.dll
0x00007ff937e50000 - 0x00007ff9380f5000 	C:\Windows\WinSxS\amd64_microsoft.windows.common-controls_6595b64144ccf1df_6.0.22000.120_none_9d947278b86cc467\COMCTL32.dll
0x00007ff94cde0000 - 0x00007ff94ce11000 	C:\Windows\System32\IMM32.DLL
0x00007ff9403b0000 - 0x00007ff9403c5000 	C:\Users\Administrator\.jdks\azul-1.8.0_312\jre\bin\vcruntime140.dll
0x00007ff8fbbf0000 - 0x00007ff8fbc8b000 	C:\Users\Administrator\.jdks\azul-1.8.0_312\jre\bin\msvcp140.dll
0x000000006fb00000 - 0x0000000070365000 	C:\Users\Administrator\.jdks\azul-1.8.0_312\jre\bin\server\jvm.dll
0x00007ff94d170000 - 0x00007ff94d178000 	C:\Windows\System32\PSAPI.DLL
0x00007ff93b840000 - 0x00007ff93b873000 	C:\Windows\SYSTEM32\WINMM.dll
0x00007ff93a3f0000 - 0x00007ff93a3f9000 	C:\Windows\SYSTEM32\WSOCK32.dll
0x00007ff942b50000 - 0x00007ff942b5a000 	C:\Windows\SYSTEM32\VERSION.dll
0x00007ff94d5b0000 - 0x00007ff94d61f000 	C:\Windows\System32\WS2_32.dll
0x00007ff94a980000 - 0x00007ff94a998000 	C:\Windows\SYSTEM32\kernel.appcore.dll
0x00007ff940440000 - 0x00007ff940450000 	C:\Users\Administrator\.jdks\azul-1.8.0_312\jre\bin\verify.dll
0x00007ff9402a0000 - 0x00007ff9402cb000 	C:\Users\Administrator\.jdks\azul-1.8.0_312\jre\bin\java.dll
0x00007ff940280000 - 0x00007ff940298000 	C:\Users\Administrator\.jdks\azul-1.8.0_312\jre\bin\zip.dll
0x00007ff94c210000 - 0x00007ff94c9ba000 	C:\Windows\System32\SHELL32.dll
0x00007ff9499d0000 - 0x00007ff94a232000 	C:\Windows\SYSTEM32\windows.storage.dll
0x00007ff94ca60000 - 0x00007ff94cdd8000 	C:\Windows\System32\combase.dll
0x00007ff949860000 - 0x00007ff9499c6000 	C:\Windows\SYSTEM32\wintypes.dll
0x00007ff94d320000 - 0x00007ff94d40a000 	C:\Windows\System32\SHCORE.dll
0x00007ff94cf00000 - 0x00007ff94cf5d000 	C:\Windows\System32\shlwapi.dll
0x00007ff94b790000 - 0x00007ff94b7b1000 	C:\Windows\SYSTEM32\profapi.dll
0x00007ff93fe70000 - 0x00007ff93fe8c000 	C:\Users\Administrator\.jdks\azul-1.8.0_312\jre\bin\net.dll
0x00007ff94ae10000 - 0x00007ff94ae77000 	C:\Windows\system32\mswsock.dll
0x00007ff93d200000 - 0x00007ff93d213000 	C:\Users\Administrator\.jdks\azul-1.8.0_312\jre\bin\nio.dll
0x00007ff92e750000 - 0x00007ff92e776000 	C:\Users\Administrator\.gradle\native\30\windows-amd64\native-platform.dll
0x00007ff9485c0000 - 0x00007ff9485cd000 	C:\Users\Administrator\.jdks\azul-1.8.0_312\jre\bin\management.dll
0x00007ff94b0c0000 - 0x00007ff94b0d8000 	C:\Windows\SYSTEM32\CRYPTSP.dll
0x00007ff94a8e0000 - 0x00007ff94a915000 	C:\Windows\system32\rsaenh.dll
0x00007ff94af70000 - 0x00007ff94af99000 	C:\Windows\SYSTEM32\USERENV.dll
0x00007ff94b240000 - 0x00007ff94b267000 	C:\Windows\SYSTEM32\bcrypt.dll
0x00007ff94bcd0000 - 0x00007ff94bd50000 	C:\Windows\System32\bcryptprimitives.dll
0x00007ff94b0e0000 - 0x00007ff94b0ec000 	C:\Windows\SYSTEM32\CRYPTBASE.dll
0x00007ff94a490000 - 0x00007ff94a4bd000 	C:\Windows\SYSTEM32\IPHLPAPI.DLL
0x00007ff94d620000 - 0x00007ff94d629000 	C:\Windows\System32\NSI.dll
0x00007ff946710000 - 0x00007ff946729000 	C:\Windows\SYSTEM32\dhcpcsvc6.DLL
0x00007ff947480000 - 0x00007ff94749e000 	C:\Windows\SYSTEM32\dhcpcsvc.DLL
0x00007ff94a500000 - 0x00007ff94a5e7000 	C:\Windows\SYSTEM32\DNSAPI.dll
0x00007ff949210000 - 0x00007ff949244000 	C:\Windows\SYSTEM32\ntmarta.dll
0x00007ff93a5b0000 - 0x00007ff93a5d4000 	C:\Users\Administrator\.jdks\azul-1.8.0_312\jre\bin\sunec.dll
0x00007ff9448c0000 - 0x00007ff944ae1000 	C:\Windows\SYSTEM32\dbghelp.dll

VM Arguments:
jvm_args: -Xmx1536m -Dfile.encoding=GBK -Duser.country=CN -Duser.language=zh -Duser.variant 
java_command: org.gradle.launcher.daemon.bootstrap.GradleDaemon 5.6.4
java_class_path (initial): C:\Users\Administrator\.gradle\wrapper\dists\gradle-5.6.4-bin\bxirm19lnfz6nurbatndyydux\gradle-5.6.4\lib\gradle-launcher-5.6.4.jar
Launcher Type: SUN_STANDARD

Environment Variables:
PATH=C:\Program Files (x86)\NetSarang\Xmanager 7\;C:\Program Files (x86)\Intel\Intel(R) Management Engine Components\iCLS\;C:\Program Files\Intel\Intel(R) Management Engine Components\iCLS\;C:\ProgramData\Anaconda3;C:\ProgramData\Anaconda3\Library\mingw-w64\bin;C:\ProgramData\Anaconda3\Library\usr\bin;C:\ProgramData\Anaconda3\Library\bin;C:\ProgramData\Anaconda3\Scripts;C:\Windows\system32;C:\Windows;C:\Windows\System32\Wbem;C:\Windows\System32\WindowsPowerShell\v1.0\;C:\Windows\System32\OpenSSH\;C:\Program Files (x86)\Intel\Intel(R) Management Engine Components\DAL;C:\Program Files\Intel\Intel(R) Management Engine Components\DAL;C:\Program Files (x86)\Intel\Intel(R) Management Engine Components\IPT;C:\Program Files\Intel\Intel(R) Management Engine Components\IPT;C:\Program Files (x86)\NetSarang\Xshell 7\;C:\Program Files\Git\cmd;C:\Program Files\Git\mingw64\bin;C:\Program Files\Git\usr\bin;C:\Users\Administrator\AppData\Local\Microsoft\WindowsApps;C:\Users\Administrator\AppData\Local\Programs\Microsoft VS Code\bin;C:\Users\Administrator\AppData\Local\GitHubDesktop\bin
USERNAME=Administrator
OS=Windows_NT
PROCESSOR_IDENTIFIER=Intel64 Family 6 Model 60 Stepping 3, GenuineIntel



---------------  S Y S T E M  ---------------

OS: Windows 10.0 , 64 bit Build 22000 (10.0.22000.318)

CPU:total 8 (initial active 8) (4 cores per cpu, 2 threads per core) family 6 model 60 stepping 3, cmov, cx8, fxsr, mmx, sse, sse2, sse3, ssse3, sse4.1, sse4.2, popcnt, avx, avx2, aes, clmul, erms, lzcnt, ht, tsc, tscinvbit, bmi1, bmi2

Memory: 4k page, physical 16445724k(5446172k free), swap 32009240k(14100660k free)

vm_info: OpenJDK 64-Bit Server VM (25.312-b07) for windows-amd64 JRE (Zulu 8.58.0.13-CA-win64) (1.8.0_312-b07), built on Oct  9 2021 07:08:12 by "tester" with MS VC++ 15.9 (VS2017)

time: Sun Nov 14 15:03:20 2021
timezone: 中国标准时间
elapsed time: 5562.542308 seconds (0d 1h 32m 42s)

