#
# A fatal error has been detected by the Java Runtime Environment:
#
#  EXCEPTION_ACCESS_VIOLATION (0xc0000005) at pc=0x0000022687bd7950, pid=21432, tid=0x00000000000026f0
#
# JRE version: OpenJDK Runtime Environment (Zulu 8.58.0.13-CA-win64) (8.0_312-b07) (build 1.8.0_312-b07)
# Java VM: OpenJDK 64-Bit Server VM (25.312-b07 mixed mode windows-amd64 compressed oops)
# Problematic frame:
# J 19350 C2 com.android.tools.r8.graph.V$$Lambda$1068.compare(Ljava/lang/Object;Ljava/lang/Object;)I (16 bytes) @ 0x0000022687bd7950 [0x0000022687bd7920+0x30]
#
# Failed to write core dump. Minidumps are not enabled by default on client versions of Windows
#
# If you would like to submit a bug report, please visit:
#   http://www.azul.com/support/
#

---------------  T H R E A D  ---------------

Current thread (0x000002269eb7a000):  JavaThread "WorkerExecutor Queue Thread 3" [_thread_in_Java, id=9968, stack(0x0000002f38b00000,0x0000002f38c00000)]

siginfo: ExceptionCode=0xc0000005, reading address 0x0000000054e1e5f4

Registers:
RAX=0x0000000100013c70, RBX=0x00000226ad2bdb80, RCX=0x0000022693650000, RDX=0x00000000e1007928
RSP=0x0000002f38bfe020, RBP=0x000000000000d7f5, RSI=0x0000000100ef8ea0, RDI=0x0000000100000f68
R8 =0x0000000054e1e5ec, R9 =0x00000000f373edd0, R10=0x00000000f1f25100, R11=0x0000000000000240
R12=0x0000000000000000, R13=0x00000000e10049a4, R14=0x000000000000d7eb, R15=0x000002269eb7a000
RIP=0x0000022687bd7950, EFLAGS=0x0000000000010202

Top of Stack: (sp=0x0000002f38bfe020)
0x0000002f38bfe020:   0000002f38bfe148 00000000e0f94638
0x0000002f38bfe030:   000000000000e3cc 0000022684d8f6a0
0x0000002f38bfe040:   000000000000d7f5 0000022686d55df4
0x0000002f38bfe050:   0000000000000000 000002269d0efe68
0x0000002f38bfe060:   00000000e1007928 0000000000038f47
0x0000002f38bfe070:   0000d7eb0000d800 000000000000e3cc
0x0000002f38bfe080:   0000000100000f68 0000d7eb200023be
0x0000002f38bfe090:   00000000e1007928 0000d7ec0000e3cc
0x0000002f38bfe0a0:   00000000e0fce9e8 0000001d0000e3cc
0x0000002f38bfe0b0:   000000000000e3ca 000000000000e3cb
0x0000002f38bfe0c0:   00000000e1007938 0000d8000000d7ea
0x0000002f38bfe0d0:   0000d8070000001d 0000d7ea54e1e5ec
0x0000002f38bfe0e0:   0000000054e1e5ec 00000000e1007928
0x0000002f38bfe0f0:   00000000e1007928 0000002f00000be2
0x0000002f38bfe100:   00000226ad2bdacd 0000002f38bfe148
0x0000002f38bfe110:   00000000e0f05fe8 000002268608fe34 

Instructions: (pc=0x0000022687bd7950)
0x0000022687bd7930:   fc 66 66 90 0f 1f 84 00 00 00 00 00 66 66 66 90
0x0000022687bd7940:   89 84 24 00 a0 ff ff 55 48 83 ec 20 44 8b 52 0c
0x0000022687bd7950:   45 8b 58 08 48 be 00 00 00 00 00 00 00 00 4a 8d
0x0000022687bd7960:   34 de 4c 8b 5e 18 48 b8 48 80 ef 00 01 00 00 00 


Register to memory mapping:

RAX=0x0000000100013c70 is pointing into metadata
RBX={method} {0x00000226ad2bdb88} 'compare' '(Ljava/lang/Object;Ljava/lang/Object;)I' in 'com/android/tools/r8/graph/V$$Lambda$1068'
RCX=0x0000022693650000 is an unknown value
RDX=0x00000000e1007928 is an oop
com.android.tools.r8.graph.V$$Lambda$1068/1104880744 
 - klass: 'com/android/tools/r8/graph/V$$Lambda$1068'
RSP=0x0000002f38bfe020 is pointing into the stack for thread: 0x000002269eb7a000
RBP=0x000000000000d7f5 is an unknown value
RSI=0x0000000100ef8ea0 is pointing into metadata
RDI=0x0000000100000f68 is pointing into metadata
R8 =0x0000000054e1e5ec is an unknown value
R9 =0x00000000f373edd0 is an oop
com.android.tools.r8.graph.Y 
 - klass: 'com/android/tools/r8/graph/Y'
R10=0x00000000f1f25100 is an oop
com.android.tools.r8.naming.H$b 
 - klass: 'com/android/tools/r8/naming/H$b'
R11=0x0000000000000240 is an unknown value
R12=0x0000000000000000 is an unknown value
R13=0x00000000e10049a4 is an unknown value
R14=0x000000000000d7eb is an unknown value
R15=0x000002269eb7a000 is a thread


Stack: [0x0000002f38b00000,0x0000002f38c00000],  sp=0x0000002f38bfe020,  free space=1016k
Native frames: (J=compiled Java code, j=interpreted, Vv=VM code, C=native code)
C  0x0000022687bd7950


---------------  P R O C E S S  ---------------

Java Threads: ( => current thread )
  0x000002269eb7f800 JavaThread "ForkJoinPool-10-worker-7" daemon [_thread_blocked, id=22396, stack(0x0000002f39500000,0x0000002f39600000)]
  0x000002269eb7e800 JavaThread "ForkJoinPool-10-worker-0" daemon [_thread_blocked, id=19920, stack(0x0000002f39400000,0x0000002f39500000)]
  0x000002269eb81000 JavaThread "ForkJoinPool-10-worker-6" daemon [_thread_blocked, id=17616, stack(0x0000002f39300000,0x0000002f39400000)]
  0x000002269eb80000 JavaThread "ForkJoinPool-10-worker-5" daemon [_thread_blocked, id=21564, stack(0x0000002f39200000,0x0000002f39300000)]
  0x000002269eb7e000 JavaThread "ForkJoinPool-10-worker-4" daemon [_thread_blocked, id=8364, stack(0x0000002f39100000,0x0000002f39200000)]
  0x000002269eb76000 JavaThread "ForkJoinPool-10-worker-3" daemon [_thread_blocked, id=12768, stack(0x0000002f39000000,0x0000002f39100000)]
  0x000002269eb7d000 JavaThread "ForkJoinPool-10-worker-2" daemon [_thread_blocked, id=10592, stack(0x0000002f38f00000,0x0000002f39000000)]
  0x000002269eb7b800 JavaThread "ForkJoinPool-10-worker-1" daemon [_thread_blocked, id=18664, stack(0x0000002f38e00000,0x0000002f38f00000)]
  0x000002269eb7a800 JavaThread "WorkerExecutor Queue Thread 5" [_thread_blocked, id=9448, stack(0x0000002f38d00000,0x0000002f38e00000)]
  0x000002269eb7c000 JavaThread "WorkerExecutor Queue Thread 4" [_thread_blocked, id=14916, stack(0x0000002f38c00000,0x0000002f38d00000)]
=>0x000002269eb7a000 JavaThread "WorkerExecutor Queue Thread 3" [_thread_in_Java, id=9968, stack(0x0000002f38b00000,0x0000002f38c00000)]
  0x000002269eb73800 JavaThread "WorkerExecutor Queue Thread 2" [_thread_blocked, id=24712, stack(0x0000002f38a00000,0x0000002f38b00000)]
  0x000002269eb73000 JavaThread "WorkerExecutor Queue" [_thread_blocked, id=16832, stack(0x0000002f38900000,0x0000002f38a00000)]
  0x000002269eb74800 JavaThread "ForkJoinPool.commonPool-worker-6" daemon [_thread_blocked, id=20084, stack(0x0000002f38800000,0x0000002f38900000)]
  0x000002269eb78800 JavaThread "ForkJoinPool.commonPool-worker-5" daemon [_thread_blocked, id=1312, stack(0x0000002f38700000,0x0000002f38800000)]
  0x000002269eb77800 JavaThread "ForkJoinPool.commonPool-worker-4" daemon [_thread_blocked, id=4416, stack(0x0000002f38600000,0x0000002f38700000)]
  0x000002269d7f1800 JavaThread "ForkJoinPool.commonPool-worker-3" daemon [_thread_blocked, id=10016, stack(0x0000002f38500000,0x0000002f38600000)]
  0x000002269d7f0000 JavaThread "ForkJoinPool.commonPool-worker-2" daemon [_thread_blocked, id=2584, stack(0x0000002f38400000,0x0000002f38500000)]
  0x000002269d7f2800 JavaThread "ForkJoinPool.commonPool-worker-1" daemon [_thread_blocked, id=16272, stack(0x0000002f38300000,0x0000002f38400000)]
  0x000002269d7f3000 JavaThread "ForkJoinPool.commonPool-worker-0" daemon [_thread_blocked, id=16776, stack(0x0000002f38200000,0x0000002f38300000)]
  0x000002269d7ef800 JavaThread "Cache worker for Java compile cache (C:\code\Picker\.gradle\5.6.4\javaCompile)" [_thread_blocked, id=23936, stack(0x0000002f38100000,0x0000002f38200000)]
  0x000002269d7ed800 JavaThread "Cache worker for execution history cache (C:\code\Picker\.gradle\5.6.4\executionHistory)" [_thread_blocked, id=24240, stack(0x0000002f37f00000,0x0000002f38000000)]
  0x000002269d7e6000 JavaThread "Execution worker for ':' Thread 7" [_thread_blocked, id=9424, stack(0x0000002f37e00000,0x0000002f37f00000)]
  0x000002269d7eb800 JavaThread "Execution worker for ':' Thread 6" [_thread_blocked, id=10764, stack(0x0000002f37d00000,0x0000002f37e00000)]
  0x000002269d7ec000 JavaThread "Execution worker for ':' Thread 5" [_thread_blocked, id=4828, stack(0x0000002f37c00000,0x0000002f37d00000)]
  0x000002269d7e9000 JavaThread "Execution worker for ':' Thread 4" [_thread_blocked, id=17016, stack(0x0000002f37b00000,0x0000002f37c00000)]
  0x000002269d7e8000 JavaThread "Execution worker for ':' Thread 3" [_thread_blocked, id=16676, stack(0x0000002f37a00000,0x0000002f37b00000)]
  0x000002269d7e5000 JavaThread "Execution worker for ':' Thread 2" [_thread_blocked, id=24680, stack(0x0000002f37700000,0x0000002f37800000)]
  0x000002269d7e7800 JavaThread "Execution worker for ':'" [_thread_blocked, id=23712, stack(0x0000002f37600000,0x0000002f37700000)]
  0x000002269d7e6800 JavaThread "Cache worker for file content cache (C:\code\Picker\.gradle\5.6.4\fileContent)" [_thread_blocked, id=22572, stack(0x0000002f37500000,0x0000002f37600000)]
  0x000002269d7ea800 JavaThread "Cache worker for Build Output Cleanup Cache (C:\code\Picker\.gradle\buildOutputCleanup)" [_thread_blocked, id=24152, stack(0x0000002f37400000,0x0000002f37500000)]
  0x000002269cb32000 JavaThread "Build operations Thread 8" [_thread_blocked, id=14980, stack(0x0000002f37300000,0x0000002f37400000)]
  0x000002269cb31800 JavaThread "Build operations Thread 7" [_thread_blocked, id=19988, stack(0x0000002f37200000,0x0000002f37300000)]
  0x000002269cb34800 JavaThread "Build operations Thread 6" [_thread_blocked, id=17812, stack(0x0000002f37100000,0x0000002f37200000)]
  0x000002269cb37000 JavaThread "Build operations Thread 5" [_thread_blocked, id=13400, stack(0x0000002f37000000,0x0000002f37100000)]
  0x000002269cb33000 JavaThread "Build operations Thread 4" [_thread_blocked, id=15664, stack(0x0000002f36f00000,0x0000002f37000000)]
  0x000002269cb36000 JavaThread "Build operations Thread 3" [_thread_blocked, id=2640, stack(0x0000002f36d00000,0x0000002f36e00000)]
  0x000002269cb33800 JavaThread "Build operations Thread 2" [_thread_blocked, id=12384, stack(0x0000002f36c00000,0x0000002f36d00000)]
  0x000002269cb30800 JavaThread "Build operations" [_thread_blocked, id=25436, stack(0x0000002f36b00000,0x0000002f36c00000)]
  0x000002269cb35800 JavaThread "Cache worker for cache directory md-rule (C:\Users\Administrator\.gradle\caches\5.6.4\md-rule)" [_thread_blocked, id=15780, stack(0x0000002f36700000,0x0000002f36800000)]
  0x000002269cb28800 JavaThread "Cache worker for cache directory md-supplier (C:\Users\Administrator\.gradle\caches\5.6.4\md-supplier)" [_thread_blocked, id=19876, stack(0x0000002f36600000,0x0000002f36700000)]
  0x000002269cb28000 JavaThread "Cache worker for file hash cache (C:\code\Picker\.gradle\5.6.4\fileHashes)" [_thread_blocked, id=5444, stack(0x0000002f36500000,0x0000002f36600000)]
  0x000002269cb2c800 JavaThread "Thread-199" [_thread_blocked, id=19748, stack(0x0000002f36400000,0x0000002f36500000)]
  0x000002269cb2d800 JavaThread "Stdin handler" [_thread_blocked, id=10040, stack(0x0000002f36300000,0x0000002f36400000)]
  0x000002269cb2e000 JavaThread "Asynchronous log dispatcher for DefaultDaemonConnection: socket connection from /127.0.0.1:51857 to /127.0.0.1:50492" [_thread_blocked, id=20428, stack(0x0000002f36200000,0x0000002f36300000)]
  0x000002269cb2b000 JavaThread "Daemon worker Thread 4" [_thread_blocked, id=16960, stack(0x0000002f36100000,0x0000002f36200000)]
  0x000002269cb2a800 JavaThread "Cancel handler" [_thread_blocked, id=10076, stack(0x0000002f34900000,0x0000002f34a00000)]
  0x000002269cb2c000 JavaThread "Handler for socket connection from /127.0.0.1:51857 to /127.0.0.1:50492" [_thread_in_native, id=12724, stack(0x0000002f34800000,0x0000002f34900000)]
  0x000002269cb29800 JavaThread "Daemon Thread 4" [_thread_blocked, id=24040, stack(0x0000002f34700000,0x0000002f34800000)]
  0x000002269eb79000 JavaThread "Cache worker for Java compile cache (C:\Users\Administrator\.gradle\caches\5.6.4\javaCompile)" [_thread_blocked, id=8136, stack(0x0000002f38000000,0x0000002f38100000)]
  0x000002269eb75000 JavaThread "Cache worker for file content cache (C:\Users\Administrator\.gradle\caches\5.6.4\fileContent)" [_thread_blocked, id=22888, stack(0x0000002f37900000,0x0000002f37a00000)]
  0x000002269b088800 JavaThread "Memory manager" [_thread_blocked, id=4640, stack(0x0000002f37800000,0x0000002f37900000)]
  0x000002269b083000 JavaThread "Cache worker for execution history cache (C:\Users\Administrator\.gradle\caches\5.6.4\executionHistory)" [_thread_blocked, id=15580, stack(0x0000002f36e00000,0x0000002f36f00000)]
  0x000002269aa84800 JavaThread "Cache worker for journal cache (C:\Users\Administrator\.gradle\caches\journal-1)" [_thread_blocked, id=13948, stack(0x0000002f36a00000,0x0000002f36b00000)]
  0x000002269aa81800 JavaThread "File lock request listener" [_thread_in_native, id=18412, stack(0x0000002f36900000,0x0000002f36a00000)]
  0x000002269aa83800 JavaThread "Cache worker for file hash cache (C:\Users\Administrator\.gradle\caches\5.6.4\fileHashes)" [_thread_blocked, id=13640, stack(0x0000002f36800000,0x0000002f36900000)]
  0x000002269aeba000 JavaThread "Daemon periodic checks" [_thread_blocked, id=14584, stack(0x0000002f36000000,0x0000002f36100000)]
  0x000002269ae6d000 JavaThread "Incoming local TCP Connector on port 51857" [_thread_in_native, id=13552, stack(0x0000002f35f00000,0x0000002f36000000)]
  0x000002269adc7800 JavaThread "Daemon health stats" [_thread_blocked, id=21528, stack(0x0000002f35e00000,0x0000002f35f00000)]
  0x0000022699b8b800 JavaThread "Service Thread" daemon [_thread_blocked, id=7444, stack(0x0000002f35c00000,0x0000002f35d00000)]
  0x00000226988e3000 JavaThread "C1 CompilerThread3" daemon [_thread_blocked, id=6500, stack(0x0000002f35b00000,0x0000002f35c00000)]
  0x00000226988e0000 JavaThread "C2 CompilerThread2" daemon [_thread_blocked, id=16580, stack(0x0000002f35a00000,0x0000002f35b00000)]
  0x00000226988d5000 JavaThread "C2 CompilerThread1" daemon [_thread_blocked, id=20012, stack(0x0000002f35900000,0x0000002f35a00000)]
  0x00000226988d1800 JavaThread "C2 CompilerThread0" daemon [_thread_blocked, id=10120, stack(0x0000002f35800000,0x0000002f35900000)]
  0x0000022698878800 JavaThread "Attach Listener" daemon [_thread_blocked, id=11104, stack(0x0000002f35700000,0x0000002f35800000)]
  0x0000022698875800 JavaThread "Signal Dispatcher" daemon [_thread_blocked, id=11580, stack(0x0000002f35600000,0x0000002f35700000)]
  0x000002269884f000 JavaThread "Finalizer" daemon [_thread_blocked, id=15752, stack(0x0000002f35500000,0x0000002f35600000)]
  0x0000022697c59000 JavaThread "Reference Handler" daemon [_thread_blocked, id=16380, stack(0x0000002f35400000,0x0000002f35500000)]
  0x0000022682df3000 JavaThread "main" [_thread_blocked, id=15704, stack(0x0000002f34a00000,0x0000002f34b00000)]

Other Threads:
  0x0000022697c56000 VMThread [stack: 0x0000002f35300000,0x0000002f35400000] [id=7460]
  0x00000226988fd000 WatcherThread [stack: 0x0000002f35d00000,0x0000002f35e00000] [id=11348]

VM state:not at safepoint (normal execution)

VM Mutex/Monitor currently owned by a thread: None

heap address: 0x00000000a0000000, size: 1536 MB, Compressed Oops mode: 32-bit
Narrow klass base: 0x0000000000000000, Narrow klass shift: 3
Compressed class space size: 1073741824 Address: 0x0000000100000000

Heap:
 PSYoungGen      total 375808K, used 118876K [0x00000000e0000000, 0x0000000100000000, 0x0000000100000000)
  eden space 274432K, 6% used [0x00000000e0000000,0x00000000e1126dd8,0x00000000f0c00000)
  from space 101376K, 99% used [0x00000000f0c00000,0x00000000f6ef0248,0x00000000f6f00000)
  to   space 135168K, 0% used [0x00000000f7c00000,0x00000000f7c00000,0x0000000100000000)
 ParOldGen       total 479232K, used 102211K [0x00000000a0000000, 0x00000000bd400000, 0x00000000e0000000)
  object space 479232K, 21% used [0x00000000a0000000,0x00000000a63d0c50,0x00000000bd400000)
 Metaspace       used 124109K, capacity 130255K, committed 130508K, reserved 1163264K
  class space    used 15858K, capacity 17052K, committed 17152K, reserved 1048576K

Card table byte_map: [0x0000022693b50000,0x0000022693e60000] byte_map_base: 0x0000022693650000

Marking Bits: (ParMarkBitMap*) 0x00000000702eb510
 Begin Bits: [0x0000022694060000, 0x0000022695860000)
 End Bits:   [0x0000022695860000, 0x0000022697060000)

Polling page: 0x0000022682ed0000

CodeCache: size=245760Kb used=60889Kb max_used=60907Kb free=184871Kb
 bounds [0x0000022684790000, 0x0000022688370000, 0x0000022693790000]
 total_blobs=18959 nmethods=18019 adapters=849
 compilation: enabled

Compilation events (10 events):
Event: 787.283 Thread 0x00000226988d1800 22676       4       java.util.TimSort::mergeHi (732 bytes)
Event: 787.284 Thread 0x00000226988d5000 nmethod 22670 0x0000022688313350 code [0x00000226883134a0, 0x0000022688313ad8]
Event: 787.284 Thread 0x00000226988d5000 22667       4       java.util.stream.ForEachOps$ForEachOp$OfRef::accept (11 bytes)
Event: 787.284 Thread 0x00000226988d5000 nmethod 22667 0x0000022685766c50 code [0x0000022685766da0, 0x0000022685766e68]
Event: 787.297 Thread 0x00000226988d1800 nmethod 22676 0x0000022688316e50 code [0x0000022688316fe0, 0x00000226883184d8]
Event: 787.300 Thread 0x00000226988e0000 nmethod 22671 0x000002268835cb10 code [0x000002268835ce80, 0x000002268835f960]
Event: 787.301 Thread 0x00000226988d5000 22677       4       java.util.TimSort::mergeAt (358 bytes)
Event: 787.301 Thread 0x00000226988d1800 22678       4       java.util.TimSort::mergeCollapse (101 bytes)
Event: 787.303 Thread 0x00000226988d1800 nmethod 22678 0x0000022688316950 code [0x0000022688316ac0, 0x0000022688316c78]
Event: 787.303 Thread 0x00000226988d5000 nmethod 22677 0x0000022684bea390 code [0x0000022684bea520, 0x0000022684bea890]

GC Heap History (10 events):
Event: 343.510 GC heap before
{Heap before GC invocations=20 (full 4):
 PSYoungGen      total 391680K, used 391290K [0x00000000e0000000, 0x0000000100000000, 0x0000000100000000)
  eden space 333824K, 99% used [0x00000000e0000000,0x00000000f45ffe48,0x00000000f4600000)
  from space 57856K, 99% used [0x00000000f4600000,0x00000000f7e1ecb8,0x00000000f7e80000)
  to   space 97280K, 0% used [0x00000000fa100000,0x00000000fa100000,0x0000000100000000)
 ParOldGen       total 337408K, used 233100K [0x00000000a0000000, 0x00000000b4980000, 0x00000000e0000000)
  object space 337408K, 69% used [0x00000000a0000000,0x00000000ae3a31b8,0x00000000b4980000)
 Metaspace       used 119588K, capacity 125661K, committed 125772K, reserved 1159168K
  class space    used 15522K, capacity 16685K, committed 16768K, reserved 1048576K
Event: 343.603 GC heap after
Heap after GC invocations=20 (full 4):
 PSYoungGen      total 368640K, used 97267K [0x00000000e0000000, 0x0000000100000000, 0x0000000100000000)
  eden space 271360K, 0% used [0x00000000e0000000,0x00000000e0000000,0x00000000f0900000)
  from space 97280K, 99% used [0x00000000fa100000,0x00000000ffffcc08,0x0000000100000000)
  to   space 126464K, 0% used [0x00000000f0900000,0x00000000f0900000,0x00000000f8480000)
 ParOldGen       total 337408K, used 268628K [0x00000000a0000000, 0x00000000b4980000, 0x00000000e0000000)
  object space 337408K, 79% used [0x00000000a0000000,0x00000000b0655118,0x00000000b4980000)
 Metaspace       used 119588K, capacity 125661K, committed 125772K, reserved 1159168K
  class space    used 15522K, capacity 16685K, committed 16768K, reserved 1048576K
}
Event: 784.732 GC heap before
{Heap before GC invocations=21 (full 4):
 PSYoungGen      total 368640K, used 368627K [0x00000000e0000000, 0x0000000100000000, 0x0000000100000000)
  eden space 271360K, 100% used [0x00000000e0000000,0x00000000f0900000,0x00000000f0900000)
  from space 97280K, 99% used [0x00000000fa100000,0x00000000ffffcc08,0x0000000100000000)
  to   space 126464K, 0% used [0x00000000f0900000,0x00000000f0900000,0x00000000f8480000)
 ParOldGen       total 337408K, used 268628K [0x00000000a0000000, 0x00000000b4980000, 0x00000000e0000000)
  object space 337408K, 79% used [0x00000000a0000000,0x00000000b0655118,0x00000000b4980000)
 Metaspace       used 120308K, capacity 126509K, committed 126668K, reserved 1159168K
  class space    used 15574K, capacity 16773K, committed 16896K, reserved 1048576K
Event: 784.805 GC heap after
Heap after GC invocations=21 (full 4):
 PSYoungGen      total 397824K, used 20364K [0x00000000e0000000, 0x0000000100000000, 0x0000000100000000)
  eden space 271360K, 0% used [0x00000000e0000000,0x00000000e0000000,0x00000000f0900000)
  from space 126464K, 16% used [0x00000000f0900000,0x00000000f1ce31c8,0x00000000f8480000)
  to   space 123392K, 0% used [0x00000000f8780000,0x00000000f8780000,0x0000000100000000)
 ParOldGen       total 337408K, used 325408K [0x00000000a0000000, 0x00000000b4980000, 0x00000000e0000000)
  object space 337408K, 96% used [0x00000000a0000000,0x00000000b3dc8268,0x00000000b4980000)
 Metaspace       used 120308K, capacity 126509K, committed 126668K, reserved 1159168K
  class space    used 15574K, capacity 16773K, committed 16896K, reserved 1048576K
}
Event: 784.805 GC heap before
{Heap before GC invocations=22 (full 5):
 PSYoungGen      total 397824K, used 20364K [0x00000000e0000000, 0x0000000100000000, 0x0000000100000000)
  eden space 271360K, 0% used [0x00000000e0000000,0x00000000e0000000,0x00000000f0900000)
  from space 126464K, 16% used [0x00000000f0900000,0x00000000f1ce31c8,0x00000000f8480000)
  to   space 123392K, 0% used [0x00000000f8780000,0x00000000f8780000,0x0000000100000000)
 ParOldGen       total 337408K, used 325408K [0x00000000a0000000, 0x00000000b4980000, 0x00000000e0000000)
  object space 337408K, 96% used [0x00000000a0000000,0x00000000b3dc8268,0x00000000b4980000)
 Metaspace       used 120308K, capacity 126509K, committed 126668K, reserved 1159168K
  class space    used 15574K, capacity 16773K, committed 16896K, reserved 1048576K
Event: 785.018 GC heap after
Heap after GC invocations=22 (full 5):
 PSYoungGen      total 397824K, used 0K [0x00000000e0000000, 0x0000000100000000, 0x0000000100000000)
  eden space 271360K, 0% used [0x00000000e0000000,0x00000000e0000000,0x00000000f0900000)
  from space 126464K, 0% used [0x00000000f0900000,0x00000000f0900000,0x00000000f8480000)
  to   space 123392K, 0% used [0x00000000f8780000,0x00000000f8780000,0x0000000100000000)
 ParOldGen       total 479232K, used 102195K [0x00000000a0000000, 0x00000000bd400000, 0x00000000e0000000)
  object space 479232K, 21% used [0x00000000a0000000,0x00000000a63ccc50,0x00000000bd400000)
 Metaspace       used 120200K, capacity 126233K, committed 126668K, reserved 1159168K
  class space    used 15537K, capacity 16709K, committed 16896K, reserved 1048576K
}
Event: 786.152 GC heap before
{Heap before GC invocations=23 (full 5):
 PSYoungGen      total 397824K, used 271360K [0x00000000e0000000, 0x0000000100000000, 0x0000000100000000)
  eden space 271360K, 100% used [0x00000000e0000000,0x00000000f0900000,0x00000000f0900000)
  from space 126464K, 0% used [0x00000000f0900000,0x00000000f0900000,0x00000000f8480000)
  to   space 123392K, 0% used [0x00000000f8780000,0x00000000f8780000,0x0000000100000000)
 ParOldGen       total 479232K, used 102195K [0x00000000a0000000, 0x00000000bd400000, 0x00000000e0000000)
  object space 479232K, 21% used [0x00000000a0000000,0x00000000a63ccc50,0x00000000bd400000)
 Metaspace       used 123825K, capacity 129991K, committed 130508K, reserved 1163264K
  class space    used 15841K, capacity 17018K, committed 17152K, reserved 1048576K
Event: 786.165 GC heap after
Heap after GC invocations=23 (full 5):
 PSYoungGen      total 389632K, used 12542K [0x00000000e0000000, 0x00000000ff800000, 0x0000000100000000)
  eden space 274432K, 0% used [0x00000000e0000000,0x00000000e0000000,0x00000000f0c00000)
  from space 115200K, 10% used [0x00000000f8780000,0x00000000f93bf800,0x00000000ff800000)
  to   space 120832K, 0% used [0x00000000f0c00000,0x00000000f0c00000,0x00000000f8200000)
 ParOldGen       total 479232K, used 102203K [0x00000000a0000000, 0x00000000bd400000, 0x00000000e0000000)
  object space 479232K, 21% used [0x00000000a0000000,0x00000000a63cec50,0x00000000bd400000)
 Metaspace       used 123825K, capacity 129991K, committed 130508K, reserved 1163264K
  class space    used 15841K, capacity 17018K, committed 17152K, reserved 1048576K
}
Event: 787.174 GC heap before
{Heap before GC invocations=24 (full 5):
 PSYoungGen      total 389632K, used 286942K [0x00000000e0000000, 0x00000000ff800000, 0x0000000100000000)
  eden space 274432K, 99% used [0x00000000e0000000,0x00000000f0bf82a0,0x00000000f0c00000)
  from space 115200K, 10% used [0x00000000f8780000,0x00000000f93bf800,0x00000000ff800000)
  to   space 120832K, 0% used [0x00000000f0c00000,0x00000000f0c00000,0x00000000f8200000)
 ParOldGen       total 479232K, used 102203K [0x00000000a0000000, 0x00000000bd400000, 0x00000000e0000000)
  object space 479232K, 21% used [0x00000000a0000000,0x00000000a63cec50,0x00000000bd400000)
 Metaspace       used 124108K, capacity 130255K, committed 130508K, reserved 1163264K
  class space    used 15858K, capacity 17052K, committed 17152K, reserved 1048576K
Event: 787.231 GC heap after
Heap after GC invocations=24 (full 5):
 PSYoungGen      total 375808K, used 101312K [0x00000000e0000000, 0x0000000100000000, 0x0000000100000000)
  eden space 274432K, 0% used [0x00000000e0000000,0x00000000e0000000,0x00000000f0c00000)
  from space 101376K, 99% used [0x00000000f0c00000,0x00000000f6ef0248,0x00000000f6f00000)
  to   space 135168K, 0% used [0x00000000f7c00000,0x00000000f7c00000,0x0000000100000000)
 ParOldGen       total 479232K, used 102211K [0x00000000a0000000, 0x00000000bd400000, 0x00000000e0000000)
  object space 479232K, 21% used [0x00000000a0000000,0x00000000a63d0c50,0x00000000bd400000)
 Metaspace       used 124108K, capacity 130255K, committed 130508K, reserved 1163264K
  class space    used 15858K, capacity 17052K, committed 17152K, reserved 1048576K
}

Deoptimization events (10 events):
Event: 786.325 Thread 0x000002269eb73800 Uncommon trap: reason=array_check action=maybe_recompile pc=0x0000022686140a54 method=java.util.TimSort.reverseRange([Ljava/lang/Object;II)V @ 27
Event: 786.325 Thread 0x000002269eb73800 Uncommon trap: reason=array_check action=maybe_recompile pc=0x0000022685f43474 method=java.util.TimSort.reverseRange([Ljava/lang/Object;II)V @ 27
Event: 786.325 Thread 0x000002269eb73800 Uncommon trap: reason=array_check action=maybe_recompile pc=0x0000022685f51a38 method=java.util.TimSort.reverseRange([Ljava/lang/Object;II)V @ 27
Event: 786.325 Thread 0x000002269eb73800 Uncommon trap: reason=class_check action=maybe_recompile pc=0x0000022687cb844c method=com.android.tools.r8.dex.m.a(Ljava/util/List;Z)V @ 143
Event: 786.327 Thread 0x000002269eb73800 Uncommon trap: reason=unstable_if action=reinterpret pc=0x0000022687c28164 method=com.android.tools.r8.dex.m.b()Lcom/android/tools/r8/dex/m$a; @ 416
Event: 786.328 Thread 0x000002269eb73800 Uncommon trap: reason=class_check action=maybe_recompile pc=0x0000022687cb844c method=com.android.tools.r8.dex.m.a(Ljava/util/List;Z)V @ 143
Event: 786.328 Thread 0x000002269eb73800 Uncommon trap: reason=class_check action=maybe_recompile pc=0x0000022687cb844c method=com.android.tools.r8.dex.m.a(Ljava/util/List;Z)V @ 143
Event: 786.426 Thread 0x000002269d7e8000 Uncommon trap: reason=unstable_if action=reinterpret pc=0x0000022685ebc214 method=org.gradle.internal.execution.history.changes.SummarizingChangeContainer.accept(Lorg/gradle/internal/execution/history/changes/ChangeVisitor;)Z @ 47
Event: 786.906 Thread 0x000002269eb81000 Uncommon trap: reason=unstable_if action=reinterpret pc=0x0000022684d75f00 method=com.android.tools.r8.graph.e0.w()Z @ 11
Event: 787.347 Thread 0x000002269eb7a000 Uncommon trap: reason=unstable_if action=reinterpret pc=0x0000022686cb84d8 method=java.util.concurrent.ConcurrentHashMap$CollectionView.toArray()[Ljava/lang/Object; @ 66

Classes redefined (0 events):
No events

Internal exceptions (10 events):
Event: 786.328 Thread 0x000002269eb73800 Exception <a 'sun/nio/fs/WindowsException'> (0x00000000e1f3f790) thrown at [C:\jenkins\workspace\zulu8-build-win64\zulu-src\hotspot\src\share\vm\prims\jni.cpp, line 711]
Event: 786.331 Thread 0x000002269eb73800 Exception <a 'sun/nio/fs/WindowsException'> (0x00000000e1f4c040) thrown at [C:\jenkins\workspace\zulu8-build-win64\zulu-src\hotspot\src\share\vm\prims\jni.cpp, line 711]
Event: 786.333 Thread 0x000002269eb73800 Exception <a 'sun/nio/fs/WindowsException'> (0x00000000e1f51b20) thrown at [C:\jenkins\workspace\zulu8-build-win64\zulu-src\hotspot\src\share\vm\prims\jni.cpp, line 711]
Event: 786.334 Thread 0x000002269eb73800 Exception <a 'sun/nio/fs/WindowsException'> (0x00000000e1f5a8f8) thrown at [C:\jenkins\workspace\zulu8-build-win64\zulu-src\hotspot\src\share\vm\prims\jni.cpp, line 711]
Event: 786.335 Thread 0x000002269eb73800 Exception <a 'sun/nio/fs/WindowsException'> (0x00000000e20a2a40) thrown at [C:\jenkins\workspace\zulu8-build-win64\zulu-src\hotspot\src\share\vm\prims\jni.cpp, line 711]
Event: 786.336 Thread 0x000002269eb73800 Exception <a 'sun/nio/fs/WindowsException'> (0x00000000e20aa2c8) thrown at [C:\jenkins\workspace\zulu8-build-win64\zulu-src\hotspot\src\share\vm\prims\jni.cpp, line 711]
Event: 786.338 Thread 0x000002269eb73800 Exception <a 'sun/nio/fs/WindowsException'> (0x00000000e20b1b10) thrown at [C:\jenkins\workspace\zulu8-build-win64\zulu-src\hotspot\src\share\vm\prims\jni.cpp, line 711]
Event: 786.339 Thread 0x000002269eb73800 Exception <a 'sun/nio/fs/WindowsException'> (0x00000000e20b9610) thrown at [C:\jenkins\workspace\zulu8-build-win64\zulu-src\hotspot\src\share\vm\prims\jni.cpp, line 711]
Event: 786.340 Thread 0x000002269eb73800 Exception <a 'sun/nio/fs/WindowsException'> (0x00000000e21c9238) thrown at [C:\jenkins\workspace\zulu8-build-win64\zulu-src\hotspot\src\share\vm\prims\jni.cpp, line 711]
Event: 786.459 Thread 0x000002269eb7a000 Exception <a 'sun/nio/fs/WindowsException'> (0x00000000e3d8b640) thrown at [C:\jenkins\workspace\zulu8-build-win64\zulu-src\hotspot\src\share\vm\prims\jni.cpp, line 711]

Events (10 events):
Event: 787.293 Thread 0x000002269eb7a000 DEOPT UNPACKING pc=0x00000226847d76d8 sp=0x0000002f38bfdbd8 mode 0
Event: 787.294 Thread 0x000002269eb7a000 DEOPT PACKING pc=0x0000022687ea768c sp=0x0000002f38bfde60
Event: 787.294 Thread 0x000002269eb7a000 DEOPT UNPACKING pc=0x00000226847d76d8 sp=0x0000002f38bfdbd8 mode 0
Event: 787.295 Thread 0x000002269eb7a000 DEOPT PACKING pc=0x0000022687ea768c sp=0x0000002f38bfde60
Event: 787.295 Thread 0x000002269eb7a000 DEOPT UNPACKING pc=0x00000226847d76d8 sp=0x0000002f38bfdbd8 mode 0
Event: 787.296 Thread 0x000002269eb7a000 DEOPT PACKING pc=0x0000022687ea768c sp=0x0000002f38bfde60
Event: 787.296 Thread 0x000002269eb7a000 DEOPT UNPACKING pc=0x00000226847d76d8 sp=0x0000002f38bfdbd8 mode 0
Event: 787.347 Thread 0x000002269eb7a000 Uncommon trap: trap_request=0xffffff65 fr.pc=0x0000022686cb84d8
Event: 787.347 Thread 0x000002269eb7a000 DEOPT PACKING pc=0x0000022686cb84d8 sp=0x0000002f38bfe0e0
Event: 787.347 Thread 0x000002269eb7a000 DEOPT UNPACKING pc=0x00000226847d5683 sp=0x0000002f38bfe080 mode 2


Dynamic libraries:
0x00007ff6522a0000 - 0x00007ff6522e5000 	C:\Users\Administrator\.jdks\azul-1.8.0_312\bin\java.exe
0x00007ff94e380000 - 0x00007ff94e587000 	C:\Windows\SYSTEM32\ntdll.dll
0x00007ff94d6e0000 - 0x00007ff94d79d000 	C:\Windows\System32\KERNEL32.DLL
0x00007ff94b860000 - 0x00007ff94bbd4000 	C:\Windows\System32\KERNELBASE.dll
0x00007ff94d960000 - 0x00007ff94da0c000 	C:\Windows\System32\ADVAPI32.dll
0x00007ff94d630000 - 0x00007ff94d6d3000 	C:\Windows\System32\msvcrt.dll
0x00007ff94c9c0000 - 0x00007ff94ca5d000 	C:\Windows\System32\sechost.dll
0x00007ff94dad0000 - 0x00007ff94dbf1000 	C:\Windows\System32\RPCRT4.dll
0x00007ff94e190000 - 0x00007ff94e33c000 	C:\Windows\System32\USER32.dll
0x00007ff94bca0000 - 0x00007ff94bcc6000 	C:\Windows\System32\win32u.dll
0x00007ff94dc00000 - 0x00007ff94dc29000 	C:\Windows\System32\GDI32.dll
0x00007ff94bf80000 - 0x00007ff94c092000 	C:\Windows\System32\gdi32full.dll
0x00007ff94be70000 - 0x00007ff94bf0d000 	C:\Windows\System32\msvcp_win.dll
0x00007ff94bd50000 - 0x00007ff94be61000 	C:\Windows\System32\ucrtbase.dll
0x00007ff937e50000 - 0x00007ff9380f5000 	C:\Windows\WinSxS\amd64_microsoft.windows.common-controls_6595b64144ccf1df_6.0.22000.120_none_9d947278b86cc467\COMCTL32.dll
0x00007ff94cde0000 - 0x00007ff94ce11000 	C:\Windows\System32\IMM32.DLL
0x00007ff942ef0000 - 0x00007ff942f05000 	C:\Users\Administrator\.jdks\azul-1.8.0_312\jre\bin\vcruntime140.dll
0x00007ff8fbc00000 - 0x00007ff8fbc9b000 	C:\Users\Administrator\.jdks\azul-1.8.0_312\jre\bin\msvcp140.dll
0x000000006fb00000 - 0x0000000070365000 	C:\Users\Administrator\.jdks\azul-1.8.0_312\jre\bin\server\jvm.dll
0x00007ff94d170000 - 0x00007ff94d178000 	C:\Windows\System32\PSAPI.DLL
0x00007ff93a3f0000 - 0x00007ff93a3f9000 	C:\Windows\SYSTEM32\WSOCK32.dll
0x00007ff942b50000 - 0x00007ff942b5a000 	C:\Windows\SYSTEM32\VERSION.dll
0x00007ff93b840000 - 0x00007ff93b873000 	C:\Windows\SYSTEM32\WINMM.dll
0x00007ff94d5b0000 - 0x00007ff94d61f000 	C:\Windows\System32\WS2_32.dll
0x00007ff94a980000 - 0x00007ff94a998000 	C:\Windows\SYSTEM32\kernel.appcore.dll
0x00007ff9485c0000 - 0x00007ff9485d0000 	C:\Users\Administrator\.jdks\azul-1.8.0_312\jre\bin\verify.dll
0x00007ff9346f0000 - 0x00007ff93471b000 	C:\Users\Administrator\.jdks\azul-1.8.0_312\jre\bin\java.dll
0x00007ff93d200000 - 0x00007ff93d218000 	C:\Users\Administrator\.jdks\azul-1.8.0_312\jre\bin\zip.dll
0x00007ff94c210000 - 0x00007ff94c9ba000 	C:\Windows\System32\SHELL32.dll
0x00007ff9499d0000 - 0x00007ff94a232000 	C:\Windows\SYSTEM32\windows.storage.dll
0x00007ff94ca60000 - 0x00007ff94cdd8000 	C:\Windows\System32\combase.dll
0x00007ff949860000 - 0x00007ff9499c6000 	C:\Windows\SYSTEM32\wintypes.dll
0x00007ff94d320000 - 0x00007ff94d40a000 	C:\Windows\System32\SHCORE.dll
0x00007ff94cf00000 - 0x00007ff94cf5d000 	C:\Windows\System32\shlwapi.dll
0x00007ff94b790000 - 0x00007ff94b7b1000 	C:\Windows\SYSTEM32\profapi.dll
0x00007ff93c690000 - 0x00007ff93c6ac000 	C:\Users\Administrator\.jdks\azul-1.8.0_312\jre\bin\net.dll
0x00007ff94ae10000 - 0x00007ff94ae77000 	C:\Windows\system32\mswsock.dll
0x00007ff9375a0000 - 0x00007ff9375b3000 	C:\Users\Administrator\.jdks\azul-1.8.0_312\jre\bin\nio.dll
0x00007ff92e750000 - 0x00007ff92e776000 	C:\Users\Administrator\.gradle\native\30\windows-amd64\native-platform.dll
0x00007ff940900000 - 0x00007ff94090d000 	C:\Users\Administrator\.jdks\azul-1.8.0_312\jre\bin\management.dll
0x00007ff94b0c0000 - 0x00007ff94b0d8000 	C:\Windows\SYSTEM32\CRYPTSP.dll
0x00007ff94a8e0000 - 0x00007ff94a915000 	C:\Windows\system32\rsaenh.dll
0x00007ff94af70000 - 0x00007ff94af99000 	C:\Windows\SYSTEM32\USERENV.dll
0x00007ff94b240000 - 0x00007ff94b267000 	C:\Windows\SYSTEM32\bcrypt.dll
0x00007ff94bcd0000 - 0x00007ff94bd50000 	C:\Windows\System32\bcryptprimitives.dll
0x00007ff94b0e0000 - 0x00007ff94b0ec000 	C:\Windows\SYSTEM32\CRYPTBASE.dll
0x00007ff94a490000 - 0x00007ff94a4bd000 	C:\Windows\SYSTEM32\IPHLPAPI.DLL
0x00007ff94d620000 - 0x00007ff94d629000 	C:\Windows\System32\NSI.dll
0x00007ff946710000 - 0x00007ff946729000 	C:\Windows\SYSTEM32\dhcpcsvc6.DLL
0x00007ff947480000 - 0x00007ff94749e000 	C:\Windows\SYSTEM32\dhcpcsvc.DLL
0x00007ff94a500000 - 0x00007ff94a5e7000 	C:\Windows\SYSTEM32\DNSAPI.dll
0x00007ff935d70000 - 0x00007ff935d94000 	C:\Users\Administrator\.jdks\azul-1.8.0_312\jre\bin\sunec.dll
0x00007ff9448c0000 - 0x00007ff944ae1000 	C:\Windows\SYSTEM32\dbghelp.dll

VM Arguments:
jvm_args: -Xmx1536m -Dfile.encoding=GBK -Duser.country=CN -Duser.language=zh -Duser.variant 
java_command: org.gradle.launcher.daemon.bootstrap.GradleDaemon 5.6.4
java_class_path (initial): C:\Users\Administrator\.gradle\wrapper\dists\gradle-5.6.4-bin\bxirm19lnfz6nurbatndyydux\gradle-5.6.4\lib\gradle-launcher-5.6.4.jar
Launcher Type: SUN_STANDARD

Environment Variables:
PATH=C:\Program Files (x86)\NetSarang\Xmanager 7\;C:\Program Files (x86)\Intel\Intel(R) Management Engine Components\iCLS\;C:\Program Files\Intel\Intel(R) Management Engine Components\iCLS\;C:\ProgramData\Anaconda3;C:\ProgramData\Anaconda3\Library\mingw-w64\bin;C:\ProgramData\Anaconda3\Library\usr\bin;C:\ProgramData\Anaconda3\Library\bin;C:\ProgramData\Anaconda3\Scripts;C:\Windows\system32;C:\Windows;C:\Windows\System32\Wbem;C:\Windows\System32\WindowsPowerShell\v1.0\;C:\Windows\System32\OpenSSH\;C:\Program Files (x86)\Intel\Intel(R) Management Engine Components\DAL;C:\Program Files\Intel\Intel(R) Management Engine Components\DAL;C:\Program Files (x86)\Intel\Intel(R) Management Engine Components\IPT;C:\Program Files\Intel\Intel(R) Management Engine Components\IPT;C:\Program Files (x86)\NetSarang\Xshell 7\;C:\Program Files\Git\cmd;C:\Program Files\Git\mingw64\bin;C:\Program Files\Git\usr\bin;C:\Users\Administrator\AppData\Local\Microsoft\WindowsApps;C:\Users\Administrator\AppData\Local\Programs\Microsoft VS Code\bin;C:\Users\Administrator\AppData\Local\GitHubDesktop\bin
USERNAME=Administrator
OS=Windows_NT
PROCESSOR_IDENTIFIER=Intel64 Family 6 Model 60 Stepping 3, GenuineIntel



---------------  S Y S T E M  ---------------

OS: Windows 10.0 , 64 bit Build 22000 (10.0.22000.318)

CPU:total 8 (initial active 8) (4 cores per cpu, 2 threads per core) family 6 model 60 stepping 3, cmov, cx8, fxsr, mmx, sse, sse2, sse3, ssse3, sse4.1, sse4.2, popcnt, avx, avx2, aes, clmul, erms, lzcnt, ht, tsc, tscinvbit, bmi1, bmi2

Memory: 4k page, physical 16445724k(5616788k free), swap 32009240k(15034068k free)

vm_info: OpenJDK 64-Bit Server VM (25.312-b07) for windows-amd64 JRE (Zulu 8.58.0.13-CA-win64) (1.8.0_312-b07), built on Oct  9 2021 07:08:12 by "tester" with MS VC++ 15.9 (VS2017)

time: Sun Nov 14 21:16:08 2021
timezone: 中国标准时间
elapsed time: 787.391550 seconds (0d 0h 13m 7s)

